  Source.cpp
cryptlib.lib(cryptlib.obj) : warning LNK4099: 找不到 PDB 'cryptlib.pdb' (有 'cryptlib.lib(cryptlib.obj)' 或位於 'C:\Users\chuch\Desktop\過去\二上\密碼學\hash\Debug\cryptlib.pdb')，當做沒有偵錯資訊，連結物件
cryptlib.lib(cpu.obj) : warning LNK4099: 找不到 PDB 'cryptlib.pdb' (有 'cryptlib.lib(cpu.obj)' 或位於 'C:\Users\chuch\Desktop\過去\二上\密碼學\hash\Debug\cryptlib.pdb')，當做沒有偵錯資訊，連結物件
cryptlib.lib(integer.obj) : warning LNK4099: 找不到 PDB 'cryptlib.pdb' (有 'cryptlib.lib(integer.obj)' 或位於 'C:\Users\chuch\Desktop\過去\二上\密碼學\hash\Debug\cryptlib.pdb')，當做沒有偵錯資訊，連結物件
cryptlib.lib(algparam.obj) : warning LNK4099: 找不到 PDB 'cryptlib.pdb' (有 'cryptlib.lib(algparam.obj)' 或位於 'C:\Users\chuch\Desktop\過去\二上\密碼學\hash\Debug\cryptlib.pdb')，當做沒有偵錯資訊，連結物件
cryptlib.lib(asn.obj) : warning LNK4099: 找不到 PDB 'cryptlib.pdb' (有 'cryptlib.lib(asn.obj)' 或位於 'C:\Users\chuch\Desktop\過去\二上\密碼學\hash\Debug\cryptlib.pdb')，當做沒有偵錯資訊，連結物件
cryptlib.lib(basecode.obj) : warning LNK4099: 找不到 PDB 'cryptlib.pdb' (有 'cryptlib.lib(basecode.obj)' 或位於 'C:\Users\chuch\Desktop\過去\二上\密碼學\hash\Debug\cryptlib.pdb')，當做沒有偵錯資訊，連結物件
cryptlib.lib(des.obj) : warning LNK4099: 找不到 PDB 'cryptlib.pdb' (有 'cryptlib.lib(des.obj)' 或位於 'C:\Users\chuch\Desktop\過去\二上\密碼學\hash\Debug\cryptlib.pdb')，當做沒有偵錯資訊，連結物件
cryptlib.lib(dessp.obj) : warning LNK4099: 找不到 PDB 'cryptlib.pdb' (有 'cryptlib.lib(dessp.obj)' 或位於 'C:\Users\chuch\Desktop\過去\二上\密碼學\hash\Debug\cryptlib.pdb')，當做沒有偵錯資訊，連結物件
cryptlib.lib(dll.obj) : warning LNK4099: 找不到 PDB 'cryptlib.pdb' (有 'cryptlib.lib(dll.obj)' 或位於 'C:\Users\chuch\Desktop\過去\二上\密碼學\hash\Debug\cryptlib.pdb')，當做沒有偵錯資訊，連結物件
cryptlib.lib(ec2n.obj) : warning LNK4099: 找不到 PDB 'cryptlib.pdb' (有 'cryptlib.lib(ec2n.obj)' 或位於 'C:\Users\chuch\Desktop\過去\二上\密碼學\hash\Debug\cryptlib.pdb')，當做沒有偵錯資訊，連結物件
cryptlib.lib(ecp.obj) : warning LNK4099: 找不到 PDB '' (有 'cryptlib.lib(ecp.obj)' 或位於 '')，當做沒有偵錯資訊，連結物件
cryptlib.lib(filters.obj) : warning LNK4099: 找不到 PDB 'cryptlib.pdb' (有 'cryptlib.lib(filters.obj)' 或位於 'C:\Users\chuch\Desktop\過去\二上\密碼學\hash\Debug\cryptlib.pdb')，當做沒有偵錯資訊，連結物件
cryptlib.lib(fips140.obj) : warning LNK4099: 找不到 PDB 'cryptlib.pdb' (有 'cryptlib.lib(fips140.obj)' 或位於 'C:\Users\chuch\Desktop\過去\二上\密碼學\hash\Debug\cryptlib.pdb')，當做沒有偵錯資訊，連結物件
cryptlib.lib(gf2n.obj) : warning LNK4099: 找不到 PDB 'cryptlib.pdb' (有 'cryptlib.lib(gf2n.obj)' 或位於 'C:\Users\chuch\Desktop\過去\二上\密碼學\hash\Debug\cryptlib.pdb')，當做沒有偵錯資訊，連結物件
cryptlib.lib(gf2n_simd.obj) : warning LNK4099: 找不到 PDB '' (有 'cryptlib.lib(gf2n_simd.obj)' 或位於 '')，當做沒有偵錯資訊，連結物件
cryptlib.lib(gfpcrypt.obj) : warning LNK4099: 找不到 PDB 'cryptlib.pdb' (有 'cryptlib.lib(gfpcrypt.obj)' 或位於 'C:\Users\chuch\Desktop\過去\二上\密碼學\hash\Debug\cryptlib.pdb')，當做沒有偵錯資訊，連結物件
cryptlib.lib(hex.obj) : warning LNK4099: 找不到 PDB 'cryptlib.pdb' (有 'cryptlib.lib(hex.obj)' 或位於 'C:\Users\chuch\Desktop\過去\二上\密碼學\hash\Debug\cryptlib.pdb')，當做沒有偵錯資訊，連結物件
cryptlib.lib(hmac.obj) : warning LNK4099: 找不到 PDB 'cryptlib.pdb' (有 'cryptlib.lib(hmac.obj)' 或位於 'C:\Users\chuch\Desktop\過去\二上\密碼學\hash\Debug\cryptlib.pdb')，當做沒有偵錯資訊，連結物件
cryptlib.lib(hrtimer.obj) : warning LNK4099: 找不到 PDB 'cryptlib.pdb' (有 'cryptlib.lib(hrtimer.obj)' 或位於 'C:\Users\chuch\Desktop\過去\二上\密碼學\hash\Debug\cryptlib.pdb')，當做沒有偵錯資訊，連結物件
cryptlib.lib(iterhash.obj) : warning LNK4099: 找不到 PDB 'cryptlib.pdb' (有 'cryptlib.lib(iterhash.obj)' 或位於 'C:\Users\chuch\Desktop\過去\二上\密碼學\hash\Debug\cryptlib.pdb')，當做沒有偵錯資訊，連結物件
cryptlib.lib(misc.obj) : warning LNK4099: 找不到 PDB '' (有 'cryptlib.lib(misc.obj)' 或位於 '')，當做沒有偵錯資訊，連結物件
cryptlib.lib(modes.obj) : warning LNK4099: 找不到 PDB 'cryptlib.pdb' (有 'cryptlib.lib(modes.obj)' 或位於 'C:\Users\chuch\Desktop\過去\二上\密碼學\hash\Debug\cryptlib.pdb')，當做沒有偵錯資訊，連結物件
cryptlib.lib(mqueue.obj) : warning LNK4099: 找不到 PDB 'cryptlib.pdb' (有 'cryptlib.lib(mqueue.obj)' 或位於 'C:\Users\chuch\Desktop\過去\二上\密碼學\hash\Debug\cryptlib.pdb')，當做沒有偵錯資訊，連結物件
cryptlib.lib(nbtheory.obj) : warning LNK4099: 找不到 PDB 'cryptlib.pdb' (有 'cryptlib.lib(nbtheory.obj)' 或位於 'C:\Users\chuch\Desktop\過去\二上\密碼學\hash\Debug\cryptlib.pdb')，當做沒有偵錯資訊，連結物件
cryptlib.lib(osrng.obj) : warning LNK4099: 找不到 PDB 'cryptlib.pdb' (有 'cryptlib.lib(osrng.obj)' 或位於 'C:\Users\chuch\Desktop\過去\二上\密碼學\hash\Debug\cryptlib.pdb')，當做沒有偵錯資訊，連結物件
cryptlib.lib(pch.obj) : warning LNK4099: 找不到 PDB 'cryptlib.pdb' (有 'cryptlib.lib(pch.obj)' 或位於 'C:\Users\chuch\Desktop\過去\二上\密碼學\hash\Debug\cryptlib.pdb')，當做沒有偵錯資訊，連結物件
cryptlib.lib(pubkey.obj) : warning LNK4099: 找不到 PDB 'cryptlib.pdb' (有 'cryptlib.lib(pubkey.obj)' 或位於 'C:\Users\chuch\Desktop\過去\二上\密碼學\hash\Debug\cryptlib.pdb')，當做沒有偵錯資訊，連結物件
cryptlib.lib(queue.obj) : warning LNK4099: 找不到 PDB 'cryptlib.pdb' (有 'cryptlib.lib(queue.obj)' 或位於 'C:\Users\chuch\Desktop\過去\二上\密碼學\hash\Debug\cryptlib.pdb')，當做沒有偵錯資訊，連結物件
cryptlib.lib(randpool.obj) : warning LNK4099: 找不到 PDB 'cryptlib.pdb' (有 'cryptlib.lib(randpool.obj)' 或位於 'C:\Users\chuch\Desktop\過去\二上\密碼學\hash\Debug\cryptlib.pdb')，當做沒有偵錯資訊，連結物件
cryptlib.lib(rdtables.obj) : warning LNK4099: 找不到 PDB '' (有 'cryptlib.lib(rdtables.obj)' 或位於 '')，當做沒有偵錯資訊，連結物件
cryptlib.lib(rijndael.obj) : warning LNK4099: 找不到 PDB 'cryptlib.pdb' (有 'cryptlib.lib(rijndael.obj)' 或位於 'C:\Users\chuch\Desktop\過去\二上\密碼學\hash\Debug\cryptlib.pdb')，當做沒有偵錯資訊，連結物件
cryptlib.lib(rijndael_simd.obj) : warning LNK4099: 找不到 PDB 'cryptlib.pdb' (有 'cryptlib.lib(rijndael_simd.obj)' 或位於 'C:\Users\chuch\Desktop\過去\二上\密碼學\hash\Debug\cryptlib.pdb')，當做沒有偵錯資訊，連結物件
cryptlib.lib(rng.obj) : warning LNK4099: 找不到 PDB 'cryptlib.pdb' (有 'cryptlib.lib(rng.obj)' 或位於 'C:\Users\chuch\Desktop\過去\二上\密碼學\hash\Debug\cryptlib.pdb')，當做沒有偵錯資訊，連結物件
cryptlib.lib(sha.obj) : warning LNK4099: 找不到 PDB 'cryptlib.pdb' (有 'cryptlib.lib(sha.obj)' 或位於 'C:\Users\chuch\Desktop\過去\二上\密碼學\hash\Debug\cryptlib.pdb')，當做沒有偵錯資訊，連結物件
cryptlib.lib(sha_simd.obj) : warning LNK4099: 找不到 PDB 'cryptlib.pdb' (有 'cryptlib.lib(sha_simd.obj)' 或位於 'C:\Users\chuch\Desktop\過去\二上\密碼學\hash\Debug\cryptlib.pdb')，當做沒有偵錯資訊，連結物件
cryptlib.lib(sse_simd.obj) : warning LNK4099: 找不到 PDB '' (有 'cryptlib.lib(sse_simd.obj)' 或位於 '')，當做沒有偵錯資訊，連結物件
  hash.vcxproj -> C:\Users\chuch\Desktop\過去\二上\密碼學\hash\Debug\hash.exe
